Watching for file changes with StatReloader
/Users/benjaminmao/Desktop/interview/samsung/Bug-Tracker/server/issues/admin.py changed, reloading.
Watching for file changes with StatReloader
/Users/benjaminmao/Desktop/interview/samsung/Bug-Tracker/server/issues/auth.py changed, reloading.
Watching for file changes with StatReloader
/Users/benjaminmao/Desktop/interview/samsung/Bug-Tracker/server/issues/auth.py changed, reloading.
Watching for file changes with StatReloader
"GET /api/auth/profile/ HTTP/1.1" 200 99
"OPTIONS /api/bug_modifications/ HTTP/1.1" 200 0
Fetching bug modifications from 2025-03-30 to 2025-04-06
"GET /api/bug_modifications/ HTTP/1.1" 200 257
"OPTIONS /api/bugs/?page=1&page_size=10 HTTP/1.1" 200 0
"GET /api/bugs/?page=1&page_size=10 HTTP/1.1" 200 306
"GET /api/bugs/?page=1&page_size=10 HTTP/1.1" 200 306
"GET /api/bugs/?page=1&page_size=10 HTTP/1.1" 200 306
Watching for file changes with StatReloader
"GET /api/auth/profile/ HTTP/1.1" 200 99
"GET /api/bugs/?page=1&page_size=10 HTTP/1.1" 200 306
Fetching bug modifications from 2025-03-30 to 2025-04-06
"GET /api/bug_modifications/ HTTP/1.1" 200 257
Watching for file changes with StatReloader
"GET /api/auth/profile/ HTTP/1.1" 200 99
Fetching bug modifications from 2025-03-30 to 2025-04-06
"GET /api/bug_modifications/ HTTP/1.1" 200 257
"GET /api/bugs/?page=1&page_size=10 HTTP/1.1" 200 306
Unauthorized: /api/auth/profile/
"GET /api/auth/profile/ HTTP/1.1" 401 27
"OPTIONS /api/auth/login/ HTTP/1.1" 200 0
Login attempt for user 'test-user'
Login failed for user 'test-user' - invalid credentials
Unauthorized: /api/auth/login/
"POST /api/auth/login/ HTTP/1.1" 401 31
"OPTIONS /api/auth/register/ HTTP/1.1" 200 0
"POST /api/auth/register/ HTTP/1.1" 201 156
"GET /api/auth/profile/ HTTP/1.1" 200 96
"GET /api/bugs/?page=1&page_size=10 HTTP/1.1" 200 52
Fetching bug modifications from 2025-03-30 to 2025-04-06
"GET /api/bug_modifications/ HTTP/1.1" 200 257
"GET /api/bugs/?page=1&page_size=10 HTTP/1.1" 200 52
"GET /api/bugs/?page=1&page_size=10 HTTP/1.1" 200 52
"GET /api/auth/profile/ HTTP/1.1" 200 96
"GET /api/bugs/?page=1&page_size=10 HTTP/1.1" 200 52
"GET /api/auth/profile/ HTTP/1.1" 200 96
"GET /api/bugs/?page=1&page_size=10 HTTP/1.1" 200 52
Fetching bug modifications from 2025-03-30 to 2025-04-06
"GET /api/bug_modifications/ HTTP/1.1" 200 257
"GET /api/bugs/?page=1&page_size=10 HTTP/1.1" 200 52
"GET /api/auth/profile/ HTTP/1.1" 200 96
"GET /api/bugs/?page=1&page_size=10 HTTP/1.1" 200 52
/Users/benjaminmao/Desktop/interview/samsung/Bug-Tracker/server/server/__init__.py changed, reloading.
Watching for file changes with StatReloader
"GET /api/auth/profile/ HTTP/1.1" 200 96
"GET /api/bugs/?page=1&page_size=10 HTTP/1.1" 200 52
Unauthorized: /api/bugs/
Fetching bug modifications from 2025-03-30 to 2025-04-06
"GET /api/bugs/ HTTP/1.1" 401 58
Unauthorized: /api/bugs/
"GET /api/bugs/ HTTP/1.1" 401 58
"GET /api/bug_modifications/ HTTP/1.1" 200 257
Fetching bug modifications from 2025-03-30 to 2025-04-06
"GET /api/bug_modifications/ HTTP/1.1" 200 257
Watching for file changes with StatReloader
Login attempt for user 'test-user'
Login successful for user 'test-user'
"POST /api/auth/login/ HTTP/1.1" 200 156
"OPTIONS /api/auth/profile/ HTTP/1.1" 200 0
"GET /api/auth/profile/ HTTP/1.1" 200 96
"GET /api/bugs/?page=1&page_size=10 HTTP/1.1" 200 52
Starting scheduled email processing task
Error processing emails: name 'logger' is not defined
"GET /api/auth/profile/ HTTP/1.1" 200 96
"GET /api/bugs/?page=1&page_size=10 HTTP/1.1" 200 52
Starting scheduled email processing task
Email processing task completed successfully
"GET /api/auth/profile/ HTTP/1.1" 200 96
"GET /api/bugs/?page=1&page_size=10 HTTP/1.1" 200 52
"GET /api/auth/profile/ HTTP/1.1" 200 96
"GET /api/bugs/?page=1&page_size=10 HTTP/1.1" 200 52
Starting scheduled email processing task
Email processing task completed successfully
"GET /api/auth/profile/ HTTP/1.1" 200 96
"GET /api/bugs/?page=1&page_size=10 HTTP/1.1" 200 52
Fetching bug modifications from 2025-03-30 to 2025-04-06
"GET /api/bug_modifications/ HTTP/1.1" 200 257
"GET /api/bugs/?page=1&page_size=10 HTTP/1.1" 200 52
"GET /api/auth/profile/ HTTP/1.1" 200 96
"GET /api/bugs/?page=1&page_size=10 HTTP/1.1" 200 52
Starting scheduled email processing task
Email processing task completed successfully
Starting scheduled email processing task
Email processing task completed successfully
"GET /api/auth/profile/ HTTP/1.1" 200 96
"GET /api/bugs/?page=1&page_size=10 HTTP/1.1" 200 52
Starting scheduled email processing task
Email processing task completed successfully
Starting scheduled email processing task
Email processing task completed successfully
Fetching bug modifications from 2025-03-30 to 2025-04-06
"GET /api/bug_modifications/ HTTP/1.1" 200 257
"GET /api/bugs/?page=1&page_size=10 HTTP/1.1" 200 52
Starting scheduled email processing task
Email processing task completed successfully
/Users/benjaminmao/Desktop/interview/samsung/Bug-Tracker/server/server/celery.py changed, reloading.
Watching for file changes with StatReloader
/Users/benjaminmao/Desktop/interview/samsung/Bug-Tracker/server/server/celery.py changed, reloading.
Watching for file changes with StatReloader
Watching for file changes with StatReloader
Starting scheduled email processing task
Email processing task completed successfully
Login attempt for user 'test-user'
Login failed for user 'test-user' - invalid credentials
Unauthorized: /api/auth/login/
"POST /api/auth/login/ HTTP/1.1" 401 31
Login attempt for user 'test-user'
Login failed for user 'test-user' - invalid credentials
Unauthorized: /api/auth/login/
"POST /api/auth/login/ HTTP/1.1" 401 31
Starting scheduled email processing task
Email processing task completed successfully
Starting scheduled email processing task
Email processing task completed successfully
Starting scheduled email processing task
Email processing task completed successfully
"POST /api/auth/register/ HTTP/1.1" 201 156
"GET /api/auth/profile/ HTTP/1.1" 200 96
"GET /api/bugs/?page=1&page_size=10 HTTP/1.1" 200 52
"GET /api/auth/profile/ HTTP/1.1" 200 96
"GET /api/bugs/?page=1&page_size=10 HTTP/1.1" 200 52
Starting scheduled email processing task
Email processing task completed successfully
Starting scheduled email processing task
Processing bug ID: BUG-1234, Status: open, Priority: High
Created new Bug: BUG-1234
Email processing task completed successfully
"GET /api/auth/profile/ HTTP/1.1" 200 96
"GET /api/bugs/?page=1&page_size=10 HTTP/1.1" 200 444
Starting scheduled email processing task
Email processing task completed successfully
"OPTIONS /api/bugs/BUG-1234/ HTTP/1.1" 200 0
"GET /api/bugs/BUG-1234/ HTTP/1.1" 200 392
"GET /api/bugs/?page=1&page_size=10 HTTP/1.1" 200 444
Fetching bug modifications from 2025-03-30 to 2025-04-06
"GET /api/bug_modifications/ HTTP/1.1" 200 257
"GET /api/bugs/?page=1&page_size=10 HTTP/1.1" 200 444
Starting scheduled email processing task
Processing bug ID: BUG-1234, Status: resolved, Priority: Medium
Updated Bug: BUG-1234 with 1 modification(s).
Email processing task completed successfully
"GET /api/auth/profile/ HTTP/1.1" 200 96
"GET /api/bugs/?page=1&page_size=10 HTTP/1.1" 200 306
Fetching bug modifications from 2025-03-30 to 2025-04-06
"GET /api/bug_modifications/ HTTP/1.1" 200 257
Starting scheduled email processing task
Email processing task completed successfully
Watching for file changes with StatReloader
Starting scheduled email processing task
Email processing task completed successfully
Starting scheduled email processing task
Email processing task completed successfully
Starting scheduled email processing task
Email processing task completed successfully
Unauthorized: /api/auth/profile/
"GET /api/auth/profile/ HTTP/1.1" 401 27
Starting scheduled email processing task
Email processing task completed successfully
Login attempt for user 'test-user'
Login failed for user 'test-user' - invalid credentials
Unauthorized: /api/auth/login/
"POST /api/auth/login/ HTTP/1.1" 401 31
Starting scheduled email processing task
Email processing task completed successfully
Starting scheduled email processing task
Email processing task completed successfully
"POST /api/auth/register/ HTTP/1.1" 201 156
"GET /api/auth/profile/ HTTP/1.1" 200 96
"GET /api/bugs/?page=1&page_size=10 HTTP/1.1" 200 52
Fetching bug modifications from 2025-03-30 to 2025-04-06
"GET /api/bug_modifications/ HTTP/1.1" 200 257
"GET /api/bugs/?page=1&page_size=10 HTTP/1.1" 200 52
Starting scheduled email processing task
Email processing task completed successfully
Starting scheduled email processing task
Processing bug ID: BUG-1234, Status: open, Priority: High
Created new Bug: BUG-1234
Email processing task completed successfully
Starting scheduled email processing task
"GET /api/auth/profile/ HTTP/1.1" 200 96
"GET /api/bugs/?page=1&page_size=10 HTTP/1.1" 200 444
Email processing task completed successfully
Starting scheduled email processing task
Email processing task completed successfully
Starting scheduled email processing task
Email processing task completed successfully
Starting scheduled email processing task
Processing bug ID: BUG-1234, Status: resolved, Priority: Medium
Updated Bug: BUG-1234 with 1 modification(s).
Email processing task completed successfully
"GET /api/auth/profile/ HTTP/1.1" 200 96
"GET /api/bugs/?page=1&page_size=10 HTTP/1.1" 200 306
Starting scheduled email processing task
Email processing task completed successfully
Fetching bug modifications from 2025-03-30 to 2025-04-06
"GET /api/bug_modifications/ HTTP/1.1" 200 257
Starting scheduled email processing task
Email processing task completed successfully
Starting scheduled email processing task
Email processing task completed successfully
Error processing email b'1': 'tuple' object has no attribute 'decode'
Error processing email b'1': 'tuple' object has no attribute 'decode'
Error processing email b'1': 'tuple' object has no attribute 'decode'
Error processing email b'1': 'NoneType' object has no attribute 'fetch'
Watching for file changes with StatReloader
Starting scheduled email processing task
Email processing task completed successfully
"OPTIONS /api/auth/login/ HTTP/1.1" 200 0
Login attempt for user 'test-user'
Login successful for user 'test-user'
"POST /api/auth/login/ HTTP/1.1" 200 156
"OPTIONS /api/auth/profile/ HTTP/1.1" 200 0
"GET /api/auth/profile/ HTTP/1.1" 200 96
"OPTIONS /api/bugs/?page=1&page_size=10 HTTP/1.1" 200 0
"GET /api/bugs/?page=1&page_size=10 HTTP/1.1" 200 306
Starting scheduled email processing task
Email processing task completed successfully
"GET /api/auth/profile/ HTTP/1.1" 200 96
Starting scheduled email processing task
"GET /api/bugs/?page=1&page_size=10 HTTP/1.1" 200 306
Email processing task completed successfully
"GET /api/auth/profile/ HTTP/1.1" 200 96
"GET /api/bugs/?page=1&page_size=10 HTTP/1.1" 200 306
Unauthorized: /api/auth/profile/
"GET /api/auth/profile/ HTTP/1.1" 401 27
Starting scheduled email processing task
Login attempt for user 'test-user'
Login failed for user 'test-user' - invalid credentials
Unauthorized: /api/auth/login/
"POST /api/auth/login/ HTTP/1.1" 401 31
Email processing task completed successfully
Starting scheduled email processing task
Email processing task completed successfully
"OPTIONS /api/auth/register/ HTTP/1.1" 200 0
"POST /api/auth/register/ HTTP/1.1" 201 156
"GET /api/auth/profile/ HTTP/1.1" 200 96
"GET /api/bugs/?page=1&page_size=10 HTTP/1.1" 200 52
Starting scheduled email processing task
Email processing task completed successfully
"GET /api/bugs/?page=1&page_size=10 HTTP/1.1" 200 52
"GET /api/bugs/?page=1&page_size=10 HTTP/1.1" 200 52
"GET /api/bugs/?page=1&page_size=10 HTTP/1.1" 200 52
"GET /api/bugs/?page=1&page_size=10 HTTP/1.1" 200 52
"GET /api/bugs/?page=1&page_size=10 HTTP/1.1" 200 52
"GET /api/bugs/?page=1&page_size=10 HTTP/1.1" 200 52
"GET /api/bugs/?page=1&page_size=10 HTTP/1.1" 200 52
"GET /api/bugs/?page=1&page_size=10 HTTP/1.1" 200 52
"GET /api/bugs/?page=1&page_size=10 HTTP/1.1" 200 52
"GET /api/bugs/?page=1&page_size=10 HTTP/1.1" 200 52
Starting scheduled email processing task
"GET /api/bugs/?page=1&page_size=10 HTTP/1.1" 200 52
"GET /api/bugs/?page=1&page_size=10 HTTP/1.1" 200 52
"GET /api/bugs/?page=1&page_size=10 HTTP/1.1" 200 52
"GET /api/bugs/?page=1&page_size=10 HTTP/1.1" 200 52
"GET /api/bugs/?page=1&page_size=10 HTTP/1.1" 200 52
"GET /api/bugs/?page=1&page_size=10 HTTP/1.1" 200 52
"GET /api/bugs/?page=1&page_size=10 HTTP/1.1" 200 52
"GET /api/bugs/?page=1&page_size=10 HTTP/1.1" 200 52
"GET /api/bugs/?page=1&page_size=10 HTTP/1.1" 200 52
Processing bug ID: BUG-1234, Status: open, Priority: High
Created new Bug: BUG-1234
"GET /api/bugs/?page=1&page_size=10 HTTP/1.1" 200 444
"GET /api/bugs/?page=1&page_size=10 HTTP/1.1" 200 444
Email processing task completed successfully
"GET /api/bugs/?page=1&page_size=10 HTTP/1.1" 200 444
"OPTIONS /api/bug_modifications/ HTTP/1.1" 200 0
Fetching bug modifications from 2025-03-31 to 2025-04-07
"GET /api/bug_modifications/ HTTP/1.1" 200 257
"GET /api/bugs/?page=1&page_size=10 HTTP/1.1" 200 444
Fetching bug modifications from 2025-03-31 to 2025-04-07
"GET /api/bug_modifications/ HTTP/1.1" 200 257
"GET /api/bugs/?page=1&page_size=10 HTTP/1.1" 200 444
Starting scheduled email processing task
Email processing task completed successfully
"GET /api/bugs/?page=1&page_size=10 HTTP/1.1" 200 444
"GET /api/bugs/?page=1&page_size=10 HTTP/1.1" 200 444
"GET /api/bugs/?page=1&page_size=10 HTTP/1.1" 200 444
"GET /api/bugs/?page=1&page_size=10 HTTP/1.1" 200 444
"GET /api/bugs/?page=1&page_size=10 HTTP/1.1" 200 444
"GET /api/bugs/?page=1&page_size=10 HTTP/1.1" 200 444
"GET /api/bugs/?page=1&page_size=10 HTTP/1.1" 200 444
"GET /api/bugs/?page=1&page_size=10 HTTP/1.1" 200 444
"GET /api/bugs/?page=1&page_size=10 HTTP/1.1" 200 444
"GET /api/bugs/?page=1&page_size=10 HTTP/1.1" 200 444
"GET /api/bugs/?page=1&page_size=10 HTTP/1.1" 200 444
"GET /api/bugs/?page=1&page_size=10 HTTP/1.1" 200 444
"GET /api/bugs/?page=1&page_size=10 HTTP/1.1" 200 444
"GET /api/bugs/?page=1&page_size=10 HTTP/1.1" 200 444
"GET /api/bugs/?page=1&page_size=10 HTTP/1.1" 200 444
"GET /api/bugs/?page=1&page_size=10 HTTP/1.1" 200 444
"GET /api/bugs/?page=1&page_size=10 HTTP/1.1" 200 444
"GET /api/bugs/?page=1&page_size=10 HTTP/1.1" 200 444
"GET /api/bugs/?page=1&page_size=10 HTTP/1.1" 200 444
"GET /api/bugs/?page=1&page_size=10 HTTP/1.1" 200 444
"GET /api/bugs/?page=1&page_size=10 HTTP/1.1" 200 444
"GET /api/bugs/?page=1&page_size=10 HTTP/1.1" 200 444
"GET /api/bugs/?page=1&page_size=10 HTTP/1.1" 200 444
Starting scheduled email processing task
"GET /api/bugs/?page=1&page_size=10 HTTP/1.1" 200 444
"GET /api/bugs/?page=1&page_size=10 HTTP/1.1" 200 444
"GET /api/bugs/?page=1&page_size=10 HTTP/1.1" 200 444
"GET /api/bugs/?page=1&page_size=10 HTTP/1.1" 200 444
"GET /api/bugs/?page=1&page_size=10 HTTP/1.1" 200 444
"GET /api/bugs/?page=1&page_size=10 HTTP/1.1" 200 444
"GET /api/bugs/?page=1&page_size=10 HTTP/1.1" 200 444
"GET /api/bugs/?page=1&page_size=10 HTTP/1.1" 200 444
"GET /api/bugs/?page=1&page_size=10 HTTP/1.1" 200 444
Processing bug ID: BUG-1234, Status: resolved, Priority: Medium
Updated Bug: BUG-1234 with 1 modification(s).
"GET /api/bugs/?page=1&page_size=10 HTTP/1.1" 200 306
"GET /api/bugs/?page=1&page_size=10 HTTP/1.1" 200 306
Email processing task completed successfully
"GET /api/bugs/?page=1&page_size=10 HTTP/1.1" 200 306
Fetching bug modifications from 2025-03-31 to 2025-04-07
"GET /api/bug_modifications/ HTTP/1.1" 200 257
"GET /api/bugs/?page=1&page_size=10 HTTP/1.1" 200 306
Starting scheduled email processing task
Email processing task completed successfully
Starting scheduled email processing task
Email processing task completed successfully
Starting scheduled email processing task
Email processing task completed successfully
Starting scheduled email processing task
Email processing task completed successfully
Starting scheduled email processing task
Email processing task completed successfully
Starting scheduled email processing task
Email processing task completed successfully
Starting scheduled email processing task
Email processing task completed successfully
Starting scheduled email processing task
Email processing task completed successfully
Starting scheduled email processing task
Email processing task completed successfully
Starting scheduled email processing task
Email processing task completed successfully
Starting scheduled email processing task
Email processing task completed successfully
Starting scheduled email processing task
Email processing task completed successfully
Starting scheduled email processing task
Email processing task completed successfully
Starting scheduled email processing task
Email processing task completed successfully
Starting scheduled email processing task
Email processing task completed successfully
Starting scheduled email processing task
Email processing task completed successfully
Starting scheduled email processing task
Email processing task completed successfully
Starting scheduled email processing task
Email processing task completed successfully
Starting scheduled email processing task
Email processing task completed successfully
Starting scheduled email processing task
Email processing task completed successfully
Starting scheduled email processing task
Email processing task completed successfully
Starting scheduled email processing task
Email processing task completed successfully
Starting scheduled email processing task
Email processing task completed successfully
Starting scheduled email processing task
Email processing task completed successfully
Starting scheduled email processing task
Email processing task completed successfully
Starting scheduled email processing task
Email processing task completed successfully
Starting scheduled email processing task
Email processing task completed successfully
Starting scheduled email processing task
Email processing task completed successfully
Starting scheduled email processing task
Email processing task completed successfully
Starting scheduled email processing task
Email processing task completed successfully
Starting scheduled email processing task
Email processing task completed successfully
Login attempt for user 'testuser'
Login successful for user 'testuser'
Login attempt for user 'testuser'
Login failed for user 'testuser' - invalid credentials
Unauthorized: /api/auth/login/
Login attempt for user 'testuser'
Login successful for user 'testuser'
Bad Request: /api/auth/register/
Bad Request: /api/auth/register/
Login attempt for user 'testuser'
Login successful for user 'testuser'
Login attempt for user 'testuser'
Login failed for user 'testuser' - invalid credentials
Unauthorized: /api/auth/login/
Login attempt for user 'testuser'
Login successful for user 'testuser'
Bad Request: /api/auth/register/
Bad Request: /api/auth/register/
Login attempt for user 'testuser'
Login successful for user 'testuser'
Unauthorized: /api/auth/profile/
Login attempt for user 'testuser'
Login failed for user 'testuser' - invalid credentials
Unauthorized: /api/auth/login/
Login attempt for user 'testuser'
Login successful for user 'testuser'
Bad Request: /api/auth/register/
Bad Request: /api/auth/register/
Watching for file changes with StatReloader
Starting scheduled email processing task
Email processing task completed successfully
Starting scheduled email processing task
Email processing task completed successfully
Starting scheduled email processing task
Email processing task completed successfully
"POST /api/auth/register/ HTTP/1.1" 201 156
"GET /api/auth/profile/ HTTP/1.1" 200 96
"GET /api/bugs/?page=1&page_size=10 HTTP/1.1" 200 52
Fetching bug modifications from 2025-03-31 to 2025-04-07
"GET /api/bug_modifications/ HTTP/1.1" 200 257
"GET /api/bugs/?page=1&page_size=10 HTTP/1.1" 200 52
Starting scheduled email processing task
Email processing task completed successfully
Starting scheduled email processing task
"GET /api/bugs/?page=1&page_size=10 HTTP/1.1" 200 52
"GET /api/bugs/?page=1&page_size=10 HTTP/1.1" 200 52
"GET /api/bugs/?page=1&page_size=10 HTTP/1.1" 200 52
"GET /api/bugs/?page=1&page_size=10 HTTP/1.1" 200 52
"GET /api/bugs/?page=1&page_size=10 HTTP/1.1" 200 52
Processing bug ID: BUG-1234, Status: open, Priority: High
"GET /api/bugs/?page=1&page_size=10 HTTP/1.1" 200 52
Created new Bug: BUG-1234
"GET /api/bugs/?page=1&page_size=10 HTTP/1.1" 200 444
Email processing task completed successfully
"GET /api/bugs/?page=1&page_size=10 HTTP/1.1" 200 444
"GET /api/bugs/?page=1&page_size=10 HTTP/1.1" 200 444
Starting scheduled email processing task
Processing bug ID: BUG-1234, Status: resolved, Priority: Medium
Updated Bug: BUG-1234 with 1 modification(s).
Email processing task completed successfully
"GET /api/bugs/?page=1&page_size=10 HTTP/1.1" 200 306
"GET /api/bugs/?page=1&page_size=10 HTTP/1.1" 200 306
"GET /api/bugs/?page=1&page_size=10 HTTP/1.1" 200 306
"GET /api/bugs/?page=1&page_size=10 HTTP/1.1" 200 306
"GET /api/bugs/?page=1&page_size=10 HTTP/1.1" 200 306
"GET /api/bugs/?page=1&page_size=10 HTTP/1.1" 200 306
"GET /api/bugs/?page=1&page_size=10 HTTP/1.1" 200 306
"GET /api/bugs/?page=1&page_size=10 HTTP/1.1" 200 306
"GET /api/bugs/?page=1&page_size=10 HTTP/1.1" 200 306
"GET /api/bugs/?page=1&page_size=10 HTTP/1.1" 200 306
"GET /api/bugs/?page=1&page_size=10 HTTP/1.1" 200 306
"GET /api/bugs/?page=1&page_size=10 HTTP/1.1" 200 306
"GET /api/bugs/?page=1&page_size=10 HTTP/1.1" 200 306
"GET /api/bugs/?page=1&page_size=10 HTTP/1.1" 200 306
"GET /api/bugs/?page=1&page_size=10 HTTP/1.1" 200 306
"GET /api/bugs/?page=1&page_size=10 HTTP/1.1" 200 306
"GET /api/bugs/?page=1&page_size=10 HTTP/1.1" 200 306
"GET /api/bugs/?page=1&page_size=10 HTTP/1.1" 200 306
"GET /api/bugs/?page=1&page_size=10 HTTP/1.1" 200 306
"GET /api/bugs/?page=1&page_size=10 HTTP/1.1" 200 306
"GET /api/bugs/?page=1&page_size=10 HTTP/1.1" 200 306
"GET /api/bugs/?page=1&page_size=10 HTTP/1.1" 200 306
"GET /api/bugs/?page=1&page_size=10 HTTP/1.1" 200 306
"GET /api/bugs/?page=1&page_size=10 HTTP/1.1" 200 306
"GET /api/bugs/?page=1&page_size=10 HTTP/1.1" 200 306
"GET /api/bugs/?page=1&page_size=10 HTTP/1.1" 200 306
"GET /api/bugs/?page=1&page_size=10 HTTP/1.1" 200 306
"GET /api/bugs/?page=1&page_size=10 HTTP/1.1" 200 306
"GET /api/bugs/?page=1&page_size=10 HTTP/1.1" 200 306
"GET /api/bugs/?page=1&page_size=10 HTTP/1.1" 200 306
"GET /api/bugs/?page=1&page_size=10 HTTP/1.1" 200 306
"GET /api/bugs/?page=1&page_size=10 HTTP/1.1" 200 306
"GET /api/bugs/?page=1&page_size=10 HTTP/1.1" 200 306
"GET /api/bugs/?page=1&page_size=10 HTTP/1.1" 200 306
"GET /api/bugs/?page=1&page_size=10 HTTP/1.1" 200 306
"GET /api/bugs/?page=1&page_size=10 HTTP/1.1" 200 306
"GET /api/bugs/?page=1&page_size=10 HTTP/1.1" 200 306
"GET /api/bugs/?page=1&page_size=10 HTTP/1.1" 200 306
"GET /api/bugs/?page=1&page_size=10 HTTP/1.1" 200 306
"GET /api/bugs/?page=1&page_size=10 HTTP/1.1" 200 306
"GET /api/bugs/?page=1&page_size=10 HTTP/1.1" 200 306
"GET /api/bugs/?page=1&page_size=10 HTTP/1.1" 200 306
Starting scheduled email processing task
"GET /api/bugs/?page=1&page_size=10 HTTP/1.1" 200 306
"GET /api/bugs/?page=1&page_size=10 HTTP/1.1" 200 306
"GET /api/bugs/?page=1&page_size=10 HTTP/1.1" 200 306
"GET /api/bugs/?page=1&page_size=10 HTTP/1.1" 200 306
"GET /api/bugs/?page=1&page_size=10 HTTP/1.1" 200 306
Email processing task completed successfully
"GET /api/bugs/?page=1&page_size=10 HTTP/1.1" 200 306
"GET /api/bugs/?page=1&page_size=10 HTTP/1.1" 200 306
"GET /api/bugs/?page=1&page_size=10 HTTP/1.1" 200 306
"GET /api/bugs/?page=1&page_size=10 HTTP/1.1" 200 306
"GET /api/bugs/?page=1&page_size=10 HTTP/1.1" 200 306
"GET /api/bugs/?page=1&page_size=10 HTTP/1.1" 200 306
"GET /api/bugs/?page=1&page_size=10 HTTP/1.1" 200 306
"GET /api/bugs/?page=1&page_size=10 HTTP/1.1" 200 306
"GET /api/bugs/?page=1&page_size=10 HTTP/1.1" 200 306
"GET /api/bugs/?page=1&page_size=10 HTTP/1.1" 200 306
"GET /api/bugs/?page=1&page_size=10 HTTP/1.1" 200 306
"GET /api/bugs/?page=1&page_size=10 HTTP/1.1" 200 306
"GET /api/bugs/?page=1&page_size=10 HTTP/1.1" 200 306
"GET /api/bugs/?page=1&page_size=10 HTTP/1.1" 200 306
Starting scheduled email processing task
Email processing task completed successfully
"GET /api/bugs/?page=1&page_size=10 HTTP/1.1" 200 306
"GET /api/bugs/?page=1&page_size=10 HTTP/1.1" 200 306
"GET /api/bugs/?page=1&page_size=10 HTTP/1.1" 200 306
"GET /api/bugs/?page=1&page_size=10 HTTP/1.1" 200 306
"GET /api/bugs/?page=1&page_size=10 HTTP/1.1" 200 306
Fetching bug modifications from 2025-03-31 to 2025-04-07
"GET /api/bug_modifications/ HTTP/1.1" 200 257
"GET /api/bugs/?page=1&page_size=10 HTTP/1.1" 200 306
"GET /api/bugs/?page=1&page_size=10 HTTP/1.1" 200 306
Starting scheduled email processing task
Email processing task completed successfully
Fetching bug modifications from 2025-03-31 to 2025-04-07
Fetching bug modifications from 2025-03-31 to 2025-04-07
Fetching bug modifications from 2025-03-31 to 2025-04-07
Fetching bug modifications from 2025-03-31 to 2025-04-07
Fetching bug modifications from 2025-03-31 to 2025-04-07
Fetching bug modifications from 2025-03-31 to 2025-04-07
Fetching bug modifications from 2025-03-31 to 2025-04-07
Fetching bug modifications from 2025-03-31 to 2025-04-07
Fetching bug modifications from 2025-03-31 to 2025-04-07
Fetching bug modifications from 2025-03-31 to 2025-04-07
Fetching bug modifications from 2025-03-31 to 2025-04-07
Fetching bug modifications from 2025-03-31 to 2025-04-07
Error fetching bug modifications: name 'now' is not defined
Internal Server Error: /api/bug_modifications/
Error fetching bug modifications: name 'now' is not defined
Internal Server Error: /api/bug_modifications/
Error fetching bug modifications: name 'now' is not defined
Internal Server Error: /api/bug_modifications/
Error fetching bug modifications: name 'now' is not defined
Internal Server Error: /api/bug_modifications/
Error fetching bug modifications: name 'now' is not defined
Internal Server Error: /api/bug_modifications/
Fetching bug modifications from 2025-03-31 to 2025-04-07
Fetching bug modifications from 2025-03-31 to 2025-04-07
Unauthorized: /api/bug_modifications/
Fetching bug modifications from 2025-04-06 to 2025-04-07
Watching for file changes with StatReloader
Starting scheduled email processing task
Email processing task completed successfully
Starting scheduled email processing task
Email processing task completed successfully
"POST /api/auth/register/ HTTP/1.1" 201 156
"GET /api/auth/profile/ HTTP/1.1" 200 96
"GET /api/bugs/?page=1&page_size=10 HTTP/1.1" 200 52
Fetching bug modifications from 2025-03-31 to 2025-04-07
"GET /api/bug_modifications/ HTTP/1.1" 200 2
"GET /api/bugs/?page=1&page_size=10 HTTP/1.1" 200 52
Starting scheduled email processing task
Email processing task completed successfully
Starting scheduled email processing task
Processing bug ID: BUG-1234, Status: open, Priority: High
Created new Bug: BUG-1234
Email processing task completed successfully
"GET /api/bugs/?page=1&page_size=10 HTTP/1.1" 200 444
Fetching bug modifications from 2025-03-31 to 2025-04-07
"GET /api/bug_modifications/ HTTP/1.1" 200 2
"GET /api/bugs/?page=1&page_size=10 HTTP/1.1" 200 444
Fetching bug modifications from 2025-03-31 to 2025-04-07
"GET /api/bug_modifications/ HTTP/1.1" 200 2
Starting scheduled email processing task
Email processing task completed successfully
"GET /api/bugs/?page=1&page_size=10 HTTP/1.1" 200 444
Starting scheduled email processing task
Email processing task completed successfully
Starting scheduled email processing task
Processing bug ID: BUG-1234, Status: resolved, Priority: Medium
Updated Bug: BUG-1234 with 1 modification(s).
Email processing task completed successfully
"GET /api/bugs/?page=1&page_size=10 HTTP/1.1" 200 306
Fetching bug modifications from 2025-03-31 to 2025-04-07
"GET /api/bug_modifications/ HTTP/1.1" 200 33
Starting scheduled email processing task
Email processing task completed successfully
Starting scheduled email processing task
Email processing task completed successfully
Starting scheduled email processing task
/Users/benjaminmao/Desktop/interview/samsung/Bug-Tracker/server/issues/views.py changed, reloading.
Watching for file changes with StatReloader
Email processing task completed successfully
"GET /api/auth/profile/ HTTP/1.1" 200 96
Fetching bug modifications from 2025-03-31 to 2025-04-07
"GET /api/bug_modifications/ HTTP/1.1" 200 257
Starting scheduled email processing task
Email processing task completed successfully
Fetching bug modifications from 2025-03-31 to 2025-04-07
Fetching bug modifications from 2025-03-31 to 2025-04-07
Fetching bug modifications from 2025-03-31 to 2025-04-07
Fetching bug modifications from 2025-03-31 to 2025-04-07
Fetching bug modifications from 2025-03-31 to 2025-04-07
Fetching bug modifications from 2025-03-31 to 2025-04-07
Fetching bug modifications from 2025-03-31 to 2025-04-07
Fetching bug modifications from 2025-03-31 to 2025-04-07
Fetching bug modifications from 2025-03-31 to 2025-04-07
Fetching bug modifications from 2025-03-31 to 2025-04-07
Fetching bug modifications from 2025-03-31 to 2025-04-07
Fetching bug modifications from 2025-03-31 to 2025-04-07
Watching for file changes with StatReloader
Starting scheduled email processing task
"GET /api/auth/profile/ HTTP/1.1" 200 96
Fetching bug modifications from 2025-03-31 to 2025-04-07
"GET /api/bug_modifications/ HTTP/1.1" 200 257
Email processing task completed successfully
"GET /api/bugs/?page=1&page_size=10 HTTP/1.1" 200 306
Fetching bug modifications from 2025-03-31 to 2025-04-07
"GET /api/bug_modifications/ HTTP/1.1" 200 257
Login attempt for user 'testuser'
Login successful for user 'testuser'
Unauthorized: /api/auth/profile/
Login attempt for user 'testuser'
Login failed for user 'testuser' - invalid credentials
Unauthorized: /api/auth/login/
Login attempt for user 'testuser'
Login successful for user 'testuser'
Bad Request: /api/auth/register/
Bad Request: /api/auth/register/
Fetching bug modifications from 2025-03-31 to 2025-04-07
Fetching bug modifications from 2025-03-31 to 2025-04-07
Fetching bug modifications from 2025-03-31 to 2025-04-07
Fetching bug modifications from 2025-03-31 to 2025-04-07
Login attempt for user 'testuser'
Login successful for user 'testuser'
Unauthorized: /api/auth/profile/
Login attempt for user 'testuser'
Login failed for user 'testuser' - invalid credentials
Unauthorized: /api/auth/login/
Login attempt for user 'testuser'
Login successful for user 'testuser'
Bad Request: /api/auth/register/
Bad Request: /api/auth/register/
Fetching bug modifications from 2025-03-31 to 2025-04-07
Fetching bug modifications from 2025-03-31 to 2025-04-07
Fetching bug modifications from 2025-03-31 to 2025-04-07
Fetching bug modifications from 2025-03-31 to 2025-04-07
Login attempt for user 'testuser'
Login successful for user 'testuser'
Unauthorized: /api/auth/profile/
Login attempt for user 'testuser'
Login failed for user 'testuser' - invalid credentials
Unauthorized: /api/auth/login/
Login attempt for user 'testuser'
Login successful for user 'testuser'
Bad Request: /api/auth/register/
Bad Request: /api/auth/register/
Fetching bug modifications from 2025-03-31 to 2025-04-07
Fetching bug modifications from 2025-03-31 to 2025-04-07
Fetching bug modifications from 2025-03-31 to 2025-04-07
Fetching bug modifications from 2025-03-31 to 2025-04-07
Watching for file changes with StatReloader
Starting scheduled email processing task
Email processing task completed successfully
Starting scheduled email processing task
Email processing task completed successfully
"POST /api/auth/register/ HTTP/1.1" 201 156
"GET /api/auth/profile/ HTTP/1.1" 200 96
"GET /api/bugs/?page=1&page_size=10 HTTP/1.1" 200 52
Starting scheduled email processing task
Email processing task completed successfully
Starting scheduled email processing task
Email processing task completed successfully
Login attempt for user 'testuser'
Login successful for user 'testuser'
Unauthorized: /api/auth/profile/
Login attempt for user 'testuser'
Login failed for user 'testuser' - invalid credentials
Unauthorized: /api/auth/login/
Login attempt for user 'testuser'
Login successful for user 'testuser'
Bad Request: /api/auth/register/
Bad Request: /api/auth/register/
Fetching bug modifications from 2025-03-31 to 2025-04-07
Fetching bug modifications from 2025-03-31 to 2025-04-07
Fetching bug modifications from 2025-03-31 to 2025-04-07
Fetching bug modifications from 2025-03-31 to 2025-04-07
Starting scheduled email processing task
Email processing task completed successfully
Starting scheduled email processing task
Email processing task completed successfully
Starting scheduled email processing task
Email processing task completed successfully
Starting scheduled email processing task
Email processing task completed successfully
Starting scheduled email processing task
Email processing task completed successfully
Starting scheduled email processing task
Email processing task completed successfully
Starting scheduled email processing task
Email processing task completed successfully
Starting scheduled email processing task
Email processing task completed successfully
Starting scheduled email processing task
Email processing task completed successfully
Starting scheduled email processing task
Email processing task completed successfully
Starting scheduled email processing task
Email processing task completed successfully
Starting scheduled email processing task
Email processing task completed successfully
Starting scheduled email processing task
Email processing task completed successfully
Starting scheduled email processing task
Email processing task completed successfully
Starting scheduled email processing task
Email processing task completed successfully
Starting scheduled email processing task
Email processing task completed successfully
Starting scheduled email processing task
Email processing task completed successfully
Starting scheduled email processing task
Email processing task completed successfully
Starting scheduled email processing task
Email processing task completed successfully
Starting scheduled email processing task
Email processing task completed successfully
Starting scheduled email processing task
Email processing task completed successfully
Starting scheduled email processing task
Email processing task completed successfully
Starting scheduled email processing task
Email processing task completed successfully
Starting scheduled email processing task
Email processing task completed successfully
Starting scheduled email processing task
Email processing task completed successfully
Starting scheduled email processing task
Email processing task completed successfully
Starting scheduled email processing task
Email processing task completed successfully
Starting scheduled email processing task
Email processing task completed successfully
Starting scheduled email processing task
Email processing task completed successfully
Starting scheduled email processing task
Email processing task completed successfully
Starting scheduled email processing task
Email processing task completed successfully
Starting scheduled email processing task
Email processing task completed successfully
Starting scheduled email processing task
Email processing task completed successfully
Starting scheduled email processing task
Email processing task completed successfully
Starting scheduled email processing task
Email processing task completed successfully
Processing bug ID: AUTO-20250407014615-, Status: open, Priority: Medium
Created new Bug: AUTO-20250407014615-
Processing bug ID: AUTO-20250407014615-, Status: resolved, Priority: Medium
Updated Bug: AUTO-20250407014615- with 1 modification(s).
Processing bug ID: AUTO-20250407014615-, Status: open, Priority: Medium
Created new Bug: AUTO-20250407014615-
Starting scheduled email processing task
Email processing task completed successfully
Starting scheduled email processing task
Email processing task completed successfully
Starting scheduled email processing task
Email processing task completed successfully
Starting scheduled email processing task
Email processing task completed successfully
Starting scheduled email processing task
Email processing task completed successfully
Starting scheduled email processing task
Email processing task completed successfully
Starting scheduled email processing task
Email processing task completed successfully
Processing bug ID: AUTO-20250407014723-, Status: open, Priority: Medium
Created new Bug: AUTO-20250407014723-
Processing bug ID: AUTO-20250407014723-, Status: resolved, Priority: Medium
Updated Bug: AUTO-20250407014723- with 1 modification(s).
Processing bug ID: AUTO-20250407014723-, Status: open, Priority: Medium
Created new Bug: AUTO-20250407014723-
Starting scheduled email processing task
Email processing task completed successfully
Starting scheduled email processing task
Email processing task completed successfully
Starting scheduled email processing task
Email processing task completed successfully
Starting scheduled email processing task
Email processing task completed successfully
Starting scheduled email processing task
Email processing task completed successfully
Starting scheduled email processing task
Email processing task completed successfully
Starting scheduled email processing task
Email processing task completed successfully
Starting scheduled email processing task
Email processing task completed successfully
Starting scheduled email processing task
Email processing task completed successfully
Starting scheduled email processing task
Email processing task completed successfully
Starting scheduled email processing task
Email processing task completed successfully
Starting scheduled email processing task
Email processing task completed successfully
Starting scheduled email processing task
Email processing task completed successfully
Starting scheduled email processing task
Email processing task completed successfully
Starting scheduled email processing task
Email processing task completed successfully
Starting scheduled email processing task
Email processing task completed successfully
Starting scheduled email processing task
Email processing task completed successfully
Starting scheduled email processing task
Email processing task completed successfully
Starting scheduled email processing task
Email processing task completed successfully
Starting scheduled email processing task
Email processing task completed successfully
Starting scheduled email processing task
Email processing task completed successfully
Starting scheduled email processing task
Email processing task completed successfully
Starting scheduled email processing task
Email processing task completed successfully
Starting scheduled email processing task
Email processing task completed successfully
Starting scheduled email processing task
Email processing task completed successfully
Starting scheduled email processing task
Email processing task completed successfully
Starting scheduled email processing task
Email processing task completed successfully
Starting scheduled email processing task
Email processing task completed successfully
Starting scheduled email processing task
Email processing task completed successfully
Starting scheduled email processing task
Email processing task completed successfully
Starting scheduled email processing task
Email processing task completed successfully
Starting scheduled email processing task
Email processing task completed successfully
Starting scheduled email processing task
Email processing task completed successfully
Starting scheduled email processing task
Email processing task completed successfully
Starting scheduled email processing task
Email processing task completed successfully
Starting scheduled email processing task
Email processing task completed successfully
Starting scheduled email processing task
Email processing task completed successfully
Starting scheduled email processing task
Email processing task completed successfully
Starting scheduled email processing task
Email processing task completed successfully
Starting scheduled email processing task
Email processing task completed successfully
Starting scheduled email processing task
Processing bug ID: AUTO-20250407015410-, Status: open, Priority: Medium
Processing bug ID: AUTO-20250407015410-, Status: resolved, Priority: Medium
Processing bug ID: AUTO-20250407015410-, Status: open, Priority: Medium
Email processing task completed successfully
Starting scheduled email processing task
Email processing task completed successfully
Starting scheduled email processing task
Email processing task completed successfully
Starting scheduled email processing task
Email processing task completed successfully
Starting scheduled email processing task
Email processing task completed successfully
Starting scheduled email processing task
Email processing task completed successfully
Starting scheduled email processing task
Email processing task completed successfully
Starting scheduled email processing task
Email processing task completed successfully
Starting scheduled email processing task
Email processing task completed successfully
Starting scheduled email processing task
Email processing task completed successfully
Starting scheduled email processing task
Email processing task completed successfully
Starting scheduled email processing task
Email processing task completed successfully
Starting scheduled email processing task
Email processing task completed successfully
Starting scheduled email processing task
Email processing task completed successfully
Processing bug ID: AUTO-20250407015624-, Status: open, Priority: Medium
Processing bug ID: AUTO-20250407015624-, Status: resolved, Priority: Medium
Processing bug ID: AUTO-20250407015624-, Status: open, Priority: Medium
Starting scheduled email processing task
Email processing task completed successfully
Starting scheduled email processing task
Email processing task completed successfully
Starting scheduled email processing task
Email processing task completed successfully
Starting scheduled email processing task
Email processing task completed successfully
Starting scheduled email processing task
Email processing task completed successfully
Starting scheduled email processing task
Email processing task completed successfully
Processing bug ID: AUTO-20250407015726-, Status: open, Priority: Medium
Processing bug ID: AUTO-20250407015726-, Status: resolved, Priority: Medium
Processing bug ID: AUTO-20250407015726-, Status: open, Priority: Medium
Starting scheduled email processing task
Email processing task completed successfully
Login attempt for user 'testuser'
Login successful for user 'testuser'
Unauthorized: /api/auth/profile/
Login attempt for user 'testuser'
Login failed for user 'testuser' - invalid credentials
Unauthorized: /api/auth/login/
Login attempt for user 'testuser'
Login successful for user 'testuser'
Bad Request: /api/auth/register/
Bad Request: /api/auth/register/
Starting scheduled email processing task
Fetching bug modifications from 2025-03-31 to 2025-04-07
Fetching bug modifications from 2025-03-31 to 2025-04-07
Fetching bug modifications from 2025-03-31 to 2025-04-07
Fetching bug modifications from 2025-03-31 to 2025-04-07
Processing bug ID: AUTO-20250407015740-, Status: open, Priority: Medium
Processing bug ID: AUTO-20250407015740-, Status: resolved, Priority: Medium
Processing bug ID: AUTO-20250407015740-, Status: open, Priority: Medium
Email processing task completed successfully
Starting scheduled email processing task
Email processing task completed successfully
Starting scheduled email processing task
Email processing task completed successfully
Starting scheduled email processing task
Email processing task completed successfully
Starting scheduled email processing task
Email processing task completed successfully
Starting scheduled email processing task
Email processing task completed successfully
Starting scheduled email processing task
Email processing task completed successfully
Starting scheduled email processing task
Email processing task completed successfully
Starting scheduled email processing task
Email processing task completed successfully
Starting scheduled email processing task
Email processing task completed successfully
Starting scheduled email processing task
Email processing task completed successfully
Starting scheduled email processing task
Email processing task completed successfully
Starting scheduled email processing task
Email processing task completed successfully
Starting scheduled email processing task
Email processing task completed successfully
Starting scheduled email processing task
Email processing task completed successfully
Starting scheduled email processing task
Email processing task completed successfully
Starting scheduled email processing task
Email processing task completed successfully
Starting scheduled email processing task
Email processing task completed successfully
Starting scheduled email processing task
Email processing task completed successfully
Starting scheduled email processing task
Email processing task completed successfully
Starting scheduled email processing task
Email processing task completed successfully
Starting scheduled email processing task
Email processing task completed successfully
Starting scheduled email processing task
Email processing task completed successfully
Starting scheduled email processing task
Email processing task completed successfully
Starting scheduled email processing task
Email processing task completed successfully
Starting scheduled email processing task
Email processing task completed successfully
Starting scheduled email processing task
Email processing task completed successfully
Starting scheduled email processing task
Email processing task completed successfully
Starting scheduled email processing task
Email processing task completed successfully
Starting scheduled email processing task
Email processing task completed successfully
Starting scheduled email processing task
Email processing task completed successfully
Starting scheduled email processing task
Email processing task completed successfully
Starting scheduled email processing task
Email processing task completed successfully
Starting scheduled email processing task
Email processing task completed successfully
Starting scheduled email processing task
Email processing task completed successfully
Starting scheduled email processing task
Email processing task completed successfully
Starting scheduled email processing task
Email processing task completed successfully
Starting scheduled email processing task
Email processing task completed successfully
Starting scheduled email processing task
Email processing task completed successfully
Starting scheduled email processing task
Email processing task completed successfully
Starting scheduled email processing task
Email processing task completed successfully
Starting scheduled email processing task
Email processing task completed successfully
Starting scheduled email processing task
Email processing task completed successfully
Starting scheduled email processing task
Email processing task completed successfully
Starting scheduled email processing task
Email processing task completed successfully
Starting scheduled email processing task
Email processing task completed successfully
Starting scheduled email processing task
Email processing task completed successfully
Starting scheduled email processing task
Email processing task completed successfully
Starting scheduled email processing task
Email processing task completed successfully
Starting scheduled email processing task
Email processing task completed successfully
Starting scheduled email processing task
Email processing task completed successfully
Starting scheduled email processing task
Email processing task completed successfully
Starting scheduled email processing task
Email processing task completed successfully
Starting scheduled email processing task
Email processing task completed successfully
Starting scheduled email processing task
Email processing task completed successfully
Starting scheduled email processing task
Email processing task completed successfully
Starting scheduled email processing task
Email processing task completed successfully
Starting scheduled email processing task
Email processing task completed successfully
Starting scheduled email processing task
Email processing task completed successfully
Starting scheduled email processing task
Email processing task completed successfully
Starting scheduled email processing task
Email processing task completed successfully
Starting scheduled email processing task
Email processing task completed successfully
Starting scheduled email processing task
Email processing task completed successfully
Starting scheduled email processing task
Email processing task completed successfully
Starting scheduled email processing task
Email processing task completed successfully
Starting scheduled email processing task
Email processing task completed successfully
Starting scheduled email processing task
Email processing task completed successfully
Starting scheduled email processing task
Email processing task completed successfully
Starting scheduled email processing task
Email processing task completed successfully
Starting scheduled email processing task
Email processing task completed successfully
Starting scheduled email processing task
Email processing task completed successfully
Starting scheduled email processing task
Email processing task completed successfully
Starting scheduled email processing task
Email processing task completed successfully
Starting scheduled email processing task
Email processing task completed successfully
Starting scheduled email processing task
Email processing task completed successfully
Starting scheduled email processing task
Email processing task completed successfully
Login attempt for user 'testuser'
Login successful for user 'testuser'
Unauthorized: /api/auth/profile/
Login attempt for user 'testuser'
Login failed for user 'testuser' - invalid credentials
Unauthorized: /api/auth/login/
Login attempt for user 'testuser'
Login successful for user 'testuser'
Bad Request: /api/auth/register/
Bad Request: /api/auth/register/
Fetching bug modifications from 2025-03-31 to 2025-04-07
Fetching bug modifications from 2025-03-31 to 2025-04-07
Fetching bug modifications from 2025-03-31 to 2025-04-07
Fetching bug modifications from 2025-03-31 to 2025-04-07
Processing bug ID: AUTO-20250407021015-, Status: open, Priority: Medium
Processing bug ID: AUTO-20250407021015-, Status: resolved, Priority: Medium
Processing bug ID: AUTO-20250407021015-, Status: open, Priority: Medium
Starting scheduled email processing task
Email processing task completed successfully
Starting scheduled email processing task
Email processing task completed successfully
Starting scheduled email processing task
Email processing task completed successfully
Starting scheduled email processing task
Email processing task completed successfully
Starting scheduled email processing task
Email processing task completed successfully
Starting scheduled email processing task
Email processing task completed successfully
Starting scheduled email processing task
Email processing task completed successfully
Starting scheduled email processing task
Email processing task completed successfully
Starting scheduled email processing task
Email processing task completed successfully
Starting scheduled email processing task
Email processing task completed successfully
Starting scheduled email processing task
Email processing task completed successfully
Starting scheduled email processing task
Email processing task completed successfully
Watching for file changes with StatReloader
"GET /api/auth/profile/ HTTP/1.1" 200 96
"GET /api/bugs/?page=1&page_size=10 HTTP/1.1" 200 52
Starting scheduled email processing task
Email processing task completed successfully
"GET /api/auth/profile/ HTTP/1.1" 200 96
"GET /api/bugs/?page=1&page_size=10 HTTP/1.1" 200 52
Fetching bug modifications from 2025-03-31 to 2025-04-07
"GET /api/bug_modifications/ HTTP/1.1" 200 257
"GET /api/bugs/?page=1&page_size=10 HTTP/1.1" 200 52
Starting scheduled email processing task
Email processing task completed successfully
"GET /api/auth/profile/ HTTP/1.1" 200 96
"GET /api/bugs/?page=1&page_size=10 HTTP/1.1" 200 52
Starting scheduled email processing task
"GET /api/bugs/?page=1&page_size=10 HTTP/1.1" 200 52
"GET /api/bugs/?page=1&page_size=10 HTTP/1.1" 200 52
"GET /api/bugs/?page=1&page_size=10 HTTP/1.1" 200 52
"GET /api/bugs/?page=1&page_size=10 HTTP/1.1" 200 52
"GET /api/bugs/?page=1&page_size=10 HTTP/1.1" 200 52
"GET /api/bugs/?page=1&page_size=10 HTTP/1.1" 200 52
Processing bug ID: BUG-1234, Status: open, Priority: High
Email processing task completed successfully
"GET /api/bugs/?page=1&page_size=10 HTTP/1.1" 200 444
Starting scheduled email processing task
Email processing task completed successfully
Starting scheduled email processing task
"GET /api/bugs/?page=1&page_size=10 HTTP/1.1" 200 444
"GET /api/bugs/?page=1&page_size=10 HTTP/1.1" 200 444
"GET /api/bugs/?page=1&page_size=10 HTTP/1.1" 200 444
Processing bug ID: BUG-1234, Status: resolved, Priority: Medium
Email processing task completed successfully
"GET /api/bugs/?page=1&page_size=10 HTTP/1.1" 200 306
Failed to fetch email 1
Processing bug ID: AUTO-20250407021410-, Status: open, Priority: Medium
Error processing email 2: Database error
Processing bug ID: AUTO-20250407021410-, Status: open, Priority: Medium
Failed to fetch email 1
Processing bug ID: AUTO-20250407021538-, Status: open, Priority: Medium
Error processing email 2: Database error
Processing bug ID: AUTO-20250407021538-, Status: open, Priority: Medium
Failed to fetch email 1
Processing bug ID: AUTO-20250407021707-, Status: open, Priority: Medium
Error processing email 2: Database error
Processing bug ID: AUTO-20250407021707-, Status: open, Priority: Medium
Login attempt for user 'testuser'
Login successful for user 'testuser'
Unauthorized: /api/auth/profile/
Login attempt for user 'testuser'
Login failed for user 'testuser' - invalid credentials
Unauthorized: /api/auth/login/
Login attempt for user 'testuser'
Login successful for user 'testuser'
Bad Request: /api/auth/register/
Bad Request: /api/auth/register/
Fetching bug modifications from 2025-03-31 to 2025-04-07
Fetching bug modifications from 2025-03-31 to 2025-04-07
Fetching bug modifications from 2025-03-31 to 2025-04-07
Fetching bug modifications from 2025-03-31 to 2025-04-07
Processing bug ID: AUTO-20250407021806-, Status: open, Priority: Medium
Processing bug ID: AUTO-20250407021806-, Status: resolved, Priority: Medium
Processing bug ID: AUTO-20250407021806-, Status: open, Priority: Medium
Failed to fetch email 1
Processing bug ID: AUTO-20250407021806-, Status: open, Priority: Medium
Error processing email 2: Database error
Processing bug ID: AUTO-20250407021806-, Status: open, Priority: Medium
Starting scheduled email processing task
Email processing task completed successfully
Login attempt for user 'testuser'
Login successful for user 'testuser'
Unauthorized: /api/auth/profile/
Login attempt for user 'testuser'
Login failed for user 'testuser' - invalid credentials
Unauthorized: /api/auth/login/
Login attempt for user 'testuser'
Login successful for user 'testuser'
Bad Request: /api/auth/register/
Bad Request: /api/auth/register/
Fetching bug modifications from 2025-03-31 to 2025-04-07
Fetching bug modifications from 2025-03-31 to 2025-04-07
Fetching bug modifications from 2025-03-31 to 2025-04-07
Fetching bug modifications from 2025-03-31 to 2025-04-07
Processing bug ID: AUTO-20250407022004-, Status: open, Priority: Medium
Processing bug ID: AUTO-20250407022004-, Status: resolved, Priority: Medium
Processing bug ID: AUTO-20250407022004-, Status: open, Priority: Medium
Failed to fetch email 1
Processing bug ID: AUTO-20250407022004-, Status: open, Priority: Medium
Error processing email 2: Database error
Processing bug ID: AUTO-20250407022004-, Status: open, Priority: Medium
Starting scheduled email processing task
Email processing task completed successfully
Watching for file changes with StatReloader
Starting scheduled email processing task
Email processing task completed successfully
Starting scheduled email processing task
Email processing task completed successfully
Starting scheduled email processing task
Email processing task completed successfully
Starting scheduled email processing task
Email processing task completed successfully
Starting scheduled email processing task
Email processing task completed successfully
"OPTIONS /api/auth/register/ HTTP/1.1" 200 0
"POST /api/auth/register/ HTTP/1.1" 201 156
"OPTIONS /api/auth/profile/ HTTP/1.1" 200 0
"GET /api/auth/profile/ HTTP/1.1" 200 96
"OPTIONS /api/bugs/?page=1&page_size=10 HTTP/1.1" 200 0
"GET /api/bugs/?page=1&page_size=10 HTTP/1.1" 200 52
"OPTIONS /api/bug_modifications/ HTTP/1.1" 200 0
Fetching bug modifications from 2025-03-31 to 2025-04-07
"GET /api/bug_modifications/ HTTP/1.1" 200 257
"GET /api/bugs/?page=1&page_size=10 HTTP/1.1" 200 52
Starting scheduled email processing task
Email processing task completed successfully
Starting scheduled email processing task
Email processing task completed successfully
Starting scheduled email processing task
Processing bug ID: BUG-1234, Status: open, Priority: High
Email processing task completed successfully
Starting scheduled email processing task
Email processing task completed successfully
"GET /api/bugs/?page=1&page_size=10 HTTP/1.1" 200 444
Starting scheduled email processing task
"OPTIONS /api/bugs/BUG-1234/ HTTP/1.1" 200 0
"GET /api/bugs/BUG-1234/ HTTP/1.1" 200 392
Email processing task completed successfully
"GET /api/bugs/?page=1&page_size=10 HTTP/1.1" 200 444
Starting scheduled email processing task
Email processing task completed successfully
Starting scheduled email processing task
Email processing task completed successfully
Starting scheduled email processing task
Processing bug ID: BUG-1234, Status: resolved, Priority: Medium
Email processing task completed successfully
"GET /api/auth/profile/ HTTP/1.1" 200 96
"GET /api/bugs/?page=1&page_size=10 HTTP/1.1" 200 306
Starting scheduled email processing task
Email processing task completed successfully
"GET /api/bugs/BUG-1234/ HTTP/1.1" 200 254
Starting scheduled email processing task
"GET /api/bugs/?page=1&page_size=10 HTTP/1.1" 200 306
Email processing task completed successfully
Fetching bug modifications from 2025-03-31 to 2025-04-07
"GET /api/bug_modifications/ HTTP/1.1" 200 257
Starting scheduled email processing task
Email processing task completed successfully
Starting scheduled email processing task
Email processing task completed successfully
Starting scheduled email processing task
Email processing task completed successfully
Starting scheduled email processing task
Email processing task completed successfully
Starting scheduled email processing task
Email processing task completed successfully
Starting scheduled email processing task
Email processing task completed successfully
Starting scheduled email processing task
Email processing task completed successfully
Starting scheduled email processing task
Email processing task completed successfully
Starting scheduled email processing task
Email processing task completed successfully
Starting scheduled email processing task
Email processing task completed successfully
Starting scheduled email processing task
Email processing task completed successfully
Starting scheduled email processing task
Email processing task completed successfully
Watching for file changes with StatReloader
Starting scheduled email processing task
Email processing task completed successfully
Starting scheduled email processing task
Email processing task completed successfully
Starting scheduled email processing task
Email processing task completed successfully
"POST /api/auth/register/ HTTP/1.1" 201 156
"GET /api/auth/profile/ HTTP/1.1" 200 96
"GET /api/bugs/?page=1&page_size=10 HTTP/1.1" 200 52
Starting scheduled email processing task
Fetching bug modifications from 2025-03-31 to 2025-04-07
"GET /api/bug_modifications/ HTTP/1.1" 200 257
Email processing task completed successfully
"GET /api/bugs/?page=1&page_size=10 HTTP/1.1" 200 52
Starting scheduled email processing task
Email processing task completed successfully
Starting scheduled email processing task
Processing bug ID: BUG-1234, Status: open, Priority: High
Email processing task completed successfully
Starting scheduled email processing task
Email processing task completed successfully
"GET /api/bugs/?page=1&page_size=10 HTTP/1.1" 200 444
Starting scheduled email processing task
Email processing task completed successfully
"GET /api/bugs/BUG-1234/ HTTP/1.1" 200 392
Starting scheduled email processing task
Email processing task completed successfully
"GET /api/bugs/?page=1&page_size=10 HTTP/1.1" 200 444
Fetching bug modifications from 2025-03-31 to 2025-04-07
"GET /api/bug_modifications/ HTTP/1.1" 200 257
Starting scheduled email processing task
Email processing task completed successfully
"GET /api/bugs/?page=1&page_size=10 HTTP/1.1" 200 444
Starting scheduled email processing task
Processing bug ID: BUG-1234, Status: resolved, Priority: Medium
Email processing task completed successfully
Starting scheduled email processing task
Email processing task completed successfully
"GET /api/bugs/?page=1&page_size=10 HTTP/1.1" 200 306
Starting scheduled email processing task
Email processing task completed successfully
"GET /api/bugs/BUG-1234/ HTTP/1.1" 200 254
Starting scheduled email processing task
Email processing task completed successfully
"GET /api/bugs/?page=1&page_size=10 HTTP/1.1" 200 306
Fetching bug modifications from 2025-03-31 to 2025-04-07
"GET /api/bug_modifications/ HTTP/1.1" 200 257
Starting scheduled email processing task
Email processing task completed successfully
Starting scheduled email processing task
Email processing task completed successfully
Starting scheduled email processing task
Email processing task completed successfully
Starting scheduled email processing task
Email processing task completed successfully
Starting scheduled email processing task
Email processing task completed successfully
Starting scheduled email processing task
Email processing task completed successfully
Starting scheduled email processing task
Email processing task completed successfully
Watching for file changes with StatReloader
Starting scheduled email processing task
Email processing task completed successfully
"OPTIONS /api/auth/login/ HTTP/1.1" 200 0
Login attempt for user 'test-user'
Login successful for user 'test-user'
"POST /api/auth/login/ HTTP/1.1" 200 156
"GET /api/auth/profile/ HTTP/1.1" 200 96
"GET /api/bugs/?page=1&page_size=10 HTTP/1.1" 200 306
Starting scheduled email processing task
Email processing task completed successfully
Starting scheduled email processing task
Email processing task completed successfully
Starting scheduled email processing task
Email processing task completed successfully
Starting scheduled email processing task
Email processing task completed successfully
Starting scheduled email processing task
Email processing task completed successfully
Starting scheduled email processing task
Email processing task completed successfully
Starting scheduled email processing task
Email processing task completed successfully
Starting scheduled email processing task
Email processing task completed successfully
Starting scheduled email processing task
Email processing task completed successfully
Starting scheduled email processing task
Email processing task completed successfully
Starting scheduled email processing task
Email processing task completed successfully
Starting scheduled email processing task
Email processing task completed successfully
Starting scheduled email processing task
Email processing task completed successfully
Starting scheduled email processing task
Email processing task completed successfully
Starting scheduled email processing task
Email processing task completed successfully
Starting scheduled email processing task
Email processing task completed successfully
Starting scheduled email processing task
Email processing task completed successfully
Starting scheduled email processing task
Email processing task completed successfully
Starting scheduled email processing task
Email processing task completed successfully
Starting scheduled email processing task
Email processing task completed successfully
Starting scheduled email processing task
Email processing task completed successfully
Starting scheduled email processing task
Email processing task completed successfully
Starting scheduled email processing task
Email processing task completed successfully
Starting scheduled email processing task
Email processing task completed successfully
/Users/benjaminmao/Desktop/interview/samsung/Bug-Tracker/server/issues/auth.py changed, reloading.
Watching for file changes with StatReloader
Starting scheduled email processing task
Email processing task completed successfully
Starting scheduled email processing task
Email processing task completed successfully
Starting scheduled email processing task
Email processing task completed successfully
Starting scheduled email processing task
Email processing task completed successfully
Starting scheduled email processing task
Email processing task completed successfully
Starting scheduled email processing task
Email processing task completed successfully
Starting scheduled email processing task
Email processing task completed successfully
Starting scheduled email processing task
Email processing task completed successfully
/Users/benjaminmao/Desktop/interview/samsung/Bug-Tracker/server/issues/models.py changed, reloading.
Starting scheduled email processing task
Watching for file changes with StatReloader
Email processing task completed successfully
Starting scheduled email processing task
Email processing task completed successfully
Starting scheduled email processing task
Email processing task completed successfully
Starting scheduled email processing task
Email processing task completed successfully
Starting scheduled email processing task
Email processing task completed successfully
Starting scheduled email processing task
Email processing task completed successfully
Login attempt for user 'testuser'
Login successful for user 'testuser'
Unauthorized: /api/auth/profile/
Login attempt for user 'testuser'
Login failed for user 'testuser' - invalid credentials
Unauthorized: /api/auth/login/
Login attempt for user 'testuser'
Login successful for user 'testuser'
Bad Request: /api/auth/register/
Bad Request: /api/auth/register/
Fetching bug modifications from 2025-03-31 to 2025-04-07
Fetching bug modifications from 2025-03-31 to 2025-04-07
Fetching bug modifications from 2025-03-31 to 2025-04-07
Fetching bug modifications from 2025-03-31 to 2025-04-07
Failed to connect to email server: Connection failed
Error processing email b'1': expected string or bytes-like object, got 'NoneType'
Error processing email b'2': expected string or bytes-like object, got 'NoneType'
Error processing email b'1': expected string or bytes-like object, got 'NoneType'
Error searching for emails: ['Server error']
Error searching for emails: ['Server error']
Failed to fetch email 1
Error processing email 2: expected string or bytes-like object, got 'NoneType'
Error processing email 3: expected string or bytes-like object, got 'NoneType'
Starting scheduled email processing task
Email processing task completed successfully
Starting scheduled email processing task
Email processing task completed successfully
Starting scheduled email processing task
Email processing task completed successfully
Starting scheduled email processing task
Email processing task completed successfully
Starting scheduled email processing task
Email processing task completed successfully
Starting scheduled email processing task
Email processing task completed successfully
Starting scheduled email processing task
Email processing task completed successfully
Starting scheduled email processing task
Email processing task completed successfully
Starting scheduled email processing task
Email processing task completed successfully
Starting scheduled email processing task
Email processing task completed successfully
Starting scheduled email processing task
Email processing task completed successfully
Starting scheduled email processing task
Email processing task completed successfully
Starting scheduled email processing task
Email processing task completed successfully
Starting scheduled email processing task
Email processing task completed successfully
Starting scheduled email processing task
Email processing task completed successfully
Starting scheduled email processing task
Email processing task completed successfully
Starting scheduled email processing task
Email processing task completed successfully
Starting scheduled email processing task
Email processing task completed successfully
Starting scheduled email processing task
Email processing task completed successfully
Starting scheduled email processing task
Email processing task completed successfully
Starting scheduled email processing task
Email processing task completed successfully
Starting scheduled email processing task
Email processing task completed successfully
Starting scheduled email processing task
Email processing task completed successfully
Starting scheduled email processing task
Email processing task completed successfully
Starting scheduled email processing task
Email processing task completed successfully
Starting scheduled email processing task
Email processing task completed successfully
Starting scheduled email processing task
Email processing task completed successfully
"OPTIONS /api/auth/profile/ HTTP/1.1" 200 0
"GET /api/auth/profile/ HTTP/1.1" 200 96
"OPTIONS /api/bugs/?page=1&page_size=10 HTTP/1.1" 200 0
"GET /api/bugs/?page=1&page_size=10 HTTP/1.1" 200 306
Starting scheduled email processing task
Email processing task completed successfully
Starting scheduled email processing task
Email processing task completed successfully
Starting scheduled email processing task
Email processing task completed successfully
Starting scheduled email processing task
Email processing task completed successfully
Starting scheduled email processing task
Email processing task completed successfully
Starting scheduled email processing task
Email processing task completed successfully
Starting scheduled email processing task
Email processing task completed successfully
Starting scheduled email processing task
Email processing task completed successfully
Starting scheduled email processing task
Email processing task completed successfully
Starting scheduled email processing task
Email processing task completed successfully
Starting scheduled email processing task
Email processing task completed successfully
Starting scheduled email processing task
Email processing task completed successfully
Starting scheduled email processing task
Email processing task completed successfully
Starting scheduled email processing task
Email processing task completed successfully
Starting scheduled email processing task
Email processing task completed successfully
Starting scheduled email processing task
Email processing task completed successfully
Starting scheduled email processing task
Email processing task completed successfully
/Users/benjaminmao/Desktop/interview/samsung/Bug-Tracker/server/issues/serializers.py changed, reloading.
Watching for file changes with StatReloader
Starting scheduled email processing task
Email processing task completed successfully
/Users/benjaminmao/Desktop/interview/samsung/Bug-Tracker/server/issues/serializers.py changed, reloading.
Starting scheduled email processing task
Watching for file changes with StatReloader
Email processing task completed successfully
Starting scheduled email processing task
Email processing task completed successfully
Starting scheduled email processing task
Email processing task completed successfully
Starting scheduled email processing task
Email processing task completed successfully
Starting scheduled email processing task
Email processing task completed successfully
Starting scheduled email processing task
Email processing task completed successfully
/Users/benjaminmao/Desktop/interview/samsung/Bug-Tracker/server/issues/serializers.py changed, reloading.
Watching for file changes with StatReloader
Starting scheduled email processing task
Email processing task completed successfully
Starting scheduled email processing task
Email processing task completed successfully
Starting scheduled email processing task
Email processing task completed successfully
Starting scheduled email processing task
Email processing task completed successfully
Starting scheduled email processing task
Email processing task completed successfully
Starting scheduled email processing task
Email processing task completed successfully
Starting scheduled email processing task
Email processing task completed successfully
Starting scheduled email processing task
Email processing task completed successfully
Starting scheduled email processing task
Email processing task completed successfully
Starting scheduled email processing task
Email processing task completed successfully
Starting scheduled email processing task
Email processing task completed successfully
Starting scheduled email processing task
Email processing task completed successfully
Starting scheduled email processing task
Email processing task completed successfully
Starting scheduled email processing task
Email processing task completed successfully
Starting scheduled email processing task
Email processing task completed successfully
/Users/benjaminmao/Desktop/interview/samsung/Bug-Tracker/server/issues/urls.py changed, reloading.
Starting scheduled email processing task
Watching for file changes with StatReloader
Email processing task completed successfully
Starting scheduled email processing task
Email processing task completed successfully
Starting scheduled email processing task
Email processing task completed successfully
Starting scheduled email processing task
Email processing task completed successfully
Starting scheduled email processing task
Email processing task completed successfully
Starting scheduled email processing task
Email processing task completed successfully
Starting scheduled email processing task
Email processing task completed successfully
/Users/benjaminmao/Desktop/interview/samsung/Bug-Tracker/server/issues/views.py changed, reloading.
Watching for file changes with StatReloader
Starting scheduled email processing task
Email processing task completed successfully
Login attempt for user 'testuser'
Login successful for user 'testuser'
Unauthorized: /api/auth/profile/
Login attempt for user 'testuser'
Login failed for user 'testuser' - invalid credentials
Unauthorized: /api/auth/login/
Login attempt for user 'testuser'
Login successful for user 'testuser'
Bad Request: /api/auth/register/
Bad Request: /api/auth/register/
Fetching bug modifications from 2025-03-31 to 2025-04-07
Fetching bug modifications from 2025-03-31 to 2025-04-07
Fetching bug modifications from 2025-03-31 to 2025-04-07
Fetching bug modifications from 2025-03-31 to 2025-04-07
Failed to connect to email server: Connection failed
Error processing email b'1': expected string or bytes-like object, got 'NoneType'
Error processing email b'2': expected string or bytes-like object, got 'NoneType'
Error processing email b'1': expected string or bytes-like object, got 'NoneType'
Error searching for emails: ['Server error']
Error searching for emails: ['Server error']
Failed to fetch email 1
Error processing email 2: expected string or bytes-like object, got 'NoneType'
Error processing email 3: expected string or bytes-like object, got 'NoneType'
Starting scheduled email processing task
Email processing task completed successfully
Starting scheduled email processing task
Email processing task completed successfully
Starting scheduled email processing task
Email processing task completed successfully
Starting scheduled email processing task
Email processing task completed successfully
Starting scheduled email processing task
Email processing task completed successfully
Starting scheduled email processing task
Email processing task completed successfully
Starting scheduled email processing task
Email processing task completed successfully
Starting scheduled email processing task
Email processing task completed successfully
Starting scheduled email processing task
Email processing task completed successfully
Starting scheduled email processing task
Email processing task completed successfully
Starting scheduled email processing task
Email processing task completed successfully
Starting scheduled email processing task
Email processing task completed successfully
Starting scheduled email processing task
Email processing task completed successfully
Starting scheduled email processing task
Email processing task completed successfully
Starting scheduled email processing task
Email processing task completed successfully
Starting scheduled email processing task
Email processing task completed successfully
Starting scheduled email processing task
/Users/benjaminmao/Desktop/interview/samsung/Bug-Tracker/server/issues/auth.py changed, reloading.
Watching for file changes with StatReloader
Email processing task completed successfully
Starting scheduled email processing task
Email processing task completed successfully
/Users/benjaminmao/Desktop/interview/samsung/Bug-Tracker/server/issues/models.py changed, reloading.
Watching for file changes with StatReloader
Starting scheduled email processing task
Email processing task completed successfully
Login attempt for user 'testuser'
Login successful for user 'testuser'
Unauthorized: /api/auth/profile/
Login attempt for user 'testuser'
Login failed for user 'testuser' - invalid credentials
Unauthorized: /api/auth/login/
Login attempt for user 'testuser'
Login successful for user 'testuser'
Bad Request: /api/auth/register/
Bad Request: /api/auth/register/
Starting scheduled email processing task
Fetching bug modifications from 2025-03-31 to 2025-04-07
Fetching bug modifications from 2025-03-31 to 2025-04-07
Fetching bug modifications from 2025-03-31 to 2025-04-07
Email processing task completed successfully
Fetching bug modifications from 2025-03-31 to 2025-04-07
Failed to connect to email server: Connection failed
Error processing email b'1': expected string or bytes-like object, got 'NoneType'
Error processing email b'2': expected string or bytes-like object, got 'NoneType'
Error processing email b'1': expected string or bytes-like object, got 'NoneType'
Error searching for emails: ['Server error']
Error searching for emails: ['Server error']
Failed to fetch email 1
Error processing email 2: expected string or bytes-like object, got 'NoneType'
Error processing email 3: expected string or bytes-like object, got 'NoneType'
Starting scheduled email processing task
Email processing task completed successfully
Starting scheduled email processing task
Email processing task completed successfully
Starting scheduled email processing task
Email processing task completed successfully
Starting scheduled email processing task
Email processing task completed successfully
Login attempt for user 'testuser'
Login successful for user 'testuser'
Unauthorized: /api/auth/profile/
Login attempt for user 'testuser'
Starting scheduled email processing task
Login failed for user 'testuser' - invalid credentials
Unauthorized: /api/auth/login/
Login attempt for user 'testuser'
Login successful for user 'testuser'
Bad Request: /api/auth/register/
Bad Request: /api/auth/register/
Email processing task completed successfully
Fetching bug modifications from 2025-03-31 to 2025-04-07
Fetching bug modifications from 2025-03-31 to 2025-04-07
Fetching bug modifications from 2025-03-31 to 2025-04-07
Fetching bug modifications from 2025-03-31 to 2025-04-07
Processing bug ID: AUTO-20250407055348-, Status: open, Priority: Medium
Processing bug ID: AUTO-20250407055348-, Status: resolved, Priority: Medium
Processing bug ID: AUTO-20250407055348-, Status: open, Priority: Medium
Failed to fetch email 1
Processing bug ID: AUTO-20250407055348-, Status: open, Priority: Medium
Error processing email 2: Database error
Processing bug ID: AUTO-20250407055348-, Status: open, Priority: Medium
Starting scheduled email processing task
Email processing task completed successfully
Starting scheduled email processing task
Email processing task completed successfully
Starting scheduled email processing task
Email processing task completed successfully
Starting scheduled email processing task
Email processing task completed successfully
Starting scheduled email processing task
Email processing task completed successfully
Starting scheduled email processing task
Email processing task completed successfully
Starting scheduled email processing task
Email processing task completed successfully
Starting scheduled email processing task
Email processing task completed successfully
Starting scheduled email processing task
Email processing task completed successfully
Starting scheduled email processing task
Email processing task completed successfully
Starting scheduled email processing task
Email processing task completed successfully
Starting scheduled email processing task
Email processing task completed successfully
Starting scheduled email processing task
Email processing task completed successfully
Starting scheduled email processing task
Email processing task completed successfully
Starting scheduled email processing task
Email processing task completed successfully
Starting scheduled email processing task
Email processing task completed successfully
Starting scheduled email processing task
Email processing task completed successfully
Starting scheduled email processing task
Email processing task completed successfully
Login attempt for user 'testuser'
Login successful for user 'testuser'
Unauthorized: /api/auth/profile/
Login attempt for user 'testuser'
Login failed for user 'testuser' - invalid credentials
Unauthorized: /api/auth/login/
Login attempt for user 'testuser'
Login successful for user 'testuser'
Bad Request: /api/auth/register/
Bad Request: /api/auth/register/
Fetching bug modifications from 2025-03-31 to 2025-04-07
Fetching bug modifications from 2025-03-31 to 2025-04-07
Fetching bug modifications from 2025-03-31 to 2025-04-07
Fetching bug modifications from 2025-03-31 to 2025-04-07
Processing bug ID: AUTO-20250407055643-, Status: open, Priority: Medium
Processing bug ID: AUTO-20250407055643-, Status: resolved, Priority: Medium
Processing bug ID: AUTO-20250407055643-, Status: open, Priority: Medium
Failed to fetch email 1
Processing bug ID: AUTO-20250407055643-, Status: open, Priority: Medium
Error processing email 2: Database error
Processing bug ID: AUTO-20250407055643-, Status: open, Priority: Medium
Starting scheduled email processing task
Email processing task completed successfully
Starting scheduled email processing task
Email processing task completed successfully
Starting scheduled email processing task
Email processing task completed successfully
Starting scheduled email processing task
Email processing task completed successfully
Starting scheduled email processing task
Email processing task completed successfully
Starting scheduled email processing task
Email processing task completed successfully
Starting scheduled email processing task
Email processing task completed successfully
Starting scheduled email processing task
Email processing task completed successfully
Login attempt for user 'testuser'
Login successful for user 'testuser'
Unauthorized: /api/auth/profile/
Login attempt for user 'testuser'
Login failed for user 'testuser' - invalid credentials
Unauthorized: /api/auth/login/
Login attempt for user 'testuser'
Login successful for user 'testuser'
Bad Request: /api/auth/register/
Bad Request: /api/auth/register/
/Users/benjaminmao/Desktop/interview/samsung/Bug-Tracker/server/issues/models.py changed, reloading.
Watching for file changes with StatReloader
Starting scheduled email processing task
Email processing task completed successfully
Login attempt for user 'testuser'
Login successful for user 'testuser'
Unauthorized: /api/auth/profile/
Login attempt for user 'testuser'
Login failed for user 'testuser' - invalid credentials
Unauthorized: /api/auth/login/
Login attempt for user 'testuser'
Login successful for user 'testuser'
Bad Request: /api/auth/register/
Bad Request: /api/auth/register/
Fetching bug modifications from 2025-03-31 to 2025-04-07
Fetching bug modifications from 2025-03-31 to 2025-04-07
Fetching bug modifications from 2025-03-31 to 2025-04-07
Fetching bug modifications from 2025-03-31 to 2025-04-07
Processing bug ID: AUTO-20250407055801-, Status: open, Priority: Medium
Processing bug ID: AUTO-20250407055801-, Status: resolved, Priority: Medium
Processing bug ID: AUTO-20250407055801-, Status: open, Priority: Medium
Failed to fetch email 1
Processing bug ID: AUTO-20250407055801-, Status: open, Priority: Medium
Error processing email 2: Database error
Processing bug ID: AUTO-20250407055801-, Status: open, Priority: Medium
Starting scheduled email processing task
Email processing task completed successfully
Starting scheduled email processing task
Email processing task completed successfully
Starting scheduled email processing task
Email processing task completed successfully
Starting scheduled email processing task
Email processing task completed successfully
Starting scheduled email processing task
Email processing task completed successfully
Starting scheduled email processing task
Email processing task completed successfully
Starting scheduled email processing task
Email processing task completed successfully
/Users/benjaminmao/Desktop/interview/samsung/Bug-Tracker/server/issues/auth.py changed, reloading.
Watching for file changes with StatReloader
Starting scheduled email processing task
Login attempt for user 'testuser'
Email processing task completed successfully
Login successful for user 'testuser'
Unauthorized: /api/auth/profile/
Login attempt for user 'testuser'
Login failed for user 'testuser' - invalid credentials
Unauthorized: /api/auth/login/
Login attempt for user 'testuser'
Login successful for user 'testuser'
Bad Request: /api/auth/register/
Bad Request: /api/auth/register/
Fetching bug modifications from 2025-03-31 to 2025-04-07
Fetching bug modifications from 2025-03-31 to 2025-04-07
Fetching bug modifications from 2025-03-31 to 2025-04-07
Fetching bug modifications from 2025-03-31 to 2025-04-07
Processing bug ID: AUTO-20250407055910-, Status: open, Priority: Medium
Processing bug ID: AUTO-20250407055910-, Status: resolved, Priority: Medium
Processing bug ID: AUTO-20250407055910-, Status: open, Priority: Medium
Failed to fetch email 1
Processing bug ID: AUTO-20250407055910-, Status: open, Priority: Medium
Error processing email 2: Database error
Processing bug ID: AUTO-20250407055910-, Status: open, Priority: Medium
Starting scheduled email processing task
Email processing task completed successfully
Starting scheduled email processing task
Email processing task completed successfully
Starting scheduled email processing task
Email processing task completed successfully
Starting scheduled email processing task
Email processing task completed successfully
Starting scheduled email processing task
Email processing task completed successfully
Starting scheduled email processing task
Email processing task completed successfully
Starting scheduled email processing task
Email processing task completed successfully
Starting scheduled email processing task
Email processing task completed successfully
/Users/benjaminmao/Desktop/interview/samsung/Bug-Tracker/server/server/celery.py changed, reloading.
Watching for file changes with StatReloader
Login attempt for user 'testuser'
Login successful for user 'testuser'
Unauthorized: /api/auth/profile/
Login attempt for user 'testuser'
Starting scheduled email processing task
Login failed for user 'testuser' - invalid credentials
Unauthorized: /api/auth/login/
Login attempt for user 'testuser'
Login successful for user 'testuser'
Bad Request: /api/auth/register/
Bad Request: /api/auth/register/
Email processing task completed successfully
Fetching bug modifications from 2025-03-31 to 2025-04-07
Fetching bug modifications from 2025-03-31 to 2025-04-07
Fetching bug modifications from 2025-03-31 to 2025-04-07
Fetching bug modifications from 2025-03-31 to 2025-04-07
Processing bug ID: AUTO-20250407060028-, Status: open, Priority: Medium
Processing bug ID: AUTO-20250407060028-, Status: resolved, Priority: Medium
Processing bug ID: AUTO-20250407060028-, Status: open, Priority: Medium
Failed to fetch email 1
Processing bug ID: AUTO-20250407060028-, Status: open, Priority: Medium
Error processing email 2: Database error
Processing bug ID: AUTO-20250407060028-, Status: open, Priority: Medium
Starting scheduled email processing task
Email processing task completed successfully
Starting scheduled email processing task
Email processing task completed successfully
Starting scheduled email processing task
Email processing task completed successfully
Starting scheduled email processing task
Email processing task completed successfully
Starting scheduled email processing task
Email processing task completed successfully
Starting scheduled email processing task
Email processing task completed successfully
Starting scheduled email processing task
Email processing task completed successfully
Login attempt for user 'testuser'
Login successful for user 'testuser'
Unauthorized: /api/auth/profile/
Login attempt for user 'testuser'
Login failed for user 'testuser' - invalid credentials
Unauthorized: /api/auth/login/
Login attempt for user 'testuser'
Login successful for user 'testuser'
Bad Request: /api/auth/register/
Bad Request: /api/auth/register/
Fetching bug modifications from 2025-03-31 to 2025-04-07
Fetching bug modifications from 2025-03-31 to 2025-04-07
Fetching bug modifications from 2025-03-31 to 2025-04-07
Fetching bug modifications from 2025-03-31 to 2025-04-07
Processing bug ID: AUTO-20250407060134-, Status: open, Priority: Medium
Processing bug ID: AUTO-20250407060134-, Status: resolved, Priority: Medium
Processing bug ID: AUTO-20250407060134-, Status: open, Priority: Medium
Failed to fetch email 1
Processing bug ID: AUTO-20250407060134-, Status: open, Priority: Medium
Error processing email 2: Database error
Processing bug ID: AUTO-20250407060134-, Status: open, Priority: Medium
Starting scheduled email processing task
Email processing task completed successfully
Starting scheduled email processing task
Email processing task completed successfully
Starting scheduled email processing task
Email processing task completed successfully
Starting scheduled email processing task
Email processing task completed successfully
/Users/benjaminmao/Desktop/interview/samsung/Bug-Tracker/server/issues/views.py changed, reloading.
Watching for file changes with StatReloader
Starting scheduled email processing task
Email processing task completed successfully
Login attempt for user 'testuser'
Login successful for user 'testuser'
Unauthorized: /api/auth/profile/
Login attempt for user 'testuser'
Login failed for user 'testuser' - invalid credentials
Unauthorized: /api/auth/login/
Login attempt for user 'testuser'
Login successful for user 'testuser'
Bad Request: /api/auth/register/
Bad Request: /api/auth/register/
Fetching bug modifications from 2025-03-31 to 2025-04-07
Fetching bug modifications from 2025-03-31 to 2025-04-07
Fetching bug modifications from 2025-03-31 to 2025-04-07
Fetching bug modifications from 2025-03-31 to 2025-04-07
Processing bug ID: AUTO-20250407060215-, Status: open, Priority: Medium
Processing bug ID: AUTO-20250407060215-, Status: resolved, Priority: Medium
Processing bug ID: AUTO-20250407060215-, Status: open, Priority: Medium
Failed to fetch email 1
Processing bug ID: AUTO-20250407060215-, Status: open, Priority: Medium
Error processing email 2: Database error
Processing bug ID: AUTO-20250407060215-, Status: open, Priority: Medium
Starting scheduled email processing task
Email processing task completed successfully
Starting scheduled email processing task
Email processing task completed successfully
Starting scheduled email processing task
Email processing task completed successfully
Starting scheduled email processing task
Email processing task completed successfully
Starting scheduled email processing task
Email processing task completed successfully
Starting scheduled email processing task
Email processing task completed successfully
Starting scheduled email processing task
Email processing task completed successfully
Starting scheduled email processing task
Email processing task completed successfully
Starting scheduled email processing task
Email processing task completed successfully
Starting scheduled email processing task
Email processing task completed successfully
Starting scheduled email processing task
Email processing task completed successfully
"GET /api/bugs/?page=1&page_size=10 HTTP/1.1" 200 306
Starting scheduled email processing task
Email processing task completed successfully
Starting scheduled email processing task
Email processing task completed successfully
Starting scheduled email processing task
Email processing task completed successfully
Starting scheduled email processing task
Email processing task completed successfully
Starting scheduled email processing task
Email processing task completed successfully
Starting scheduled email processing task
Email processing task completed successfully
Starting scheduled email processing task
Email processing task completed successfully
Starting scheduled email processing task
Email processing task completed successfully
Starting scheduled email processing task
Email processing task completed successfully
Starting scheduled email processing task
Email processing task completed successfully
Starting scheduled email processing task
Email processing task completed successfully
Starting scheduled email processing task
Email processing task completed successfully
Starting scheduled email processing task
Email processing task completed successfully
Starting scheduled email processing task
Email processing task completed successfully
"GET /api/bugs/?page=1&page_size=10 HTTP/1.1" 200 306
Starting scheduled email processing task
Email processing task completed successfully
Starting scheduled email processing task
Email processing task completed successfully
Starting scheduled email processing task
Email processing task completed successfully
Starting scheduled email processing task
Email processing task completed successfully
Starting scheduled email processing task
Email processing task completed successfully
Starting scheduled email processing task
Email processing task completed successfully
Starting scheduled email processing task
Email processing task completed successfully
Starting scheduled email processing task
Email processing task completed successfully
Starting scheduled email processing task
Email processing task completed successfully
Starting scheduled email processing task
Email processing task completed successfully
Starting scheduled email processing task
Email processing task completed successfully
Starting scheduled email processing task
Email processing task completed successfully
Starting scheduled email processing task
Email processing task completed successfully
Starting scheduled email processing task
Email processing task completed successfully
Starting scheduled email processing task
Email processing task completed successfully
Starting scheduled email processing task
Email processing task completed successfully
Starting scheduled email processing task
Email processing task completed successfully
Starting scheduled email processing task
Email processing task completed successfully
Starting scheduled email processing task
Email processing task completed successfully
Starting scheduled email processing task
Email processing task completed successfully
Starting scheduled email processing task
Email processing task completed successfully
Starting scheduled email processing task
Email processing task completed successfully
Starting scheduled email processing task
Email processing task completed successfully
Starting scheduled email processing task
Email processing task completed successfully
Starting scheduled email processing task
Email processing task completed successfully
Starting scheduled email processing task
Email processing task completed successfully
Starting scheduled email processing task
Email processing task completed successfully
Starting scheduled email processing task
Email processing task completed successfully
Starting scheduled email processing task
Email processing task completed successfully
"GET /api/auth/profile/ HTTP/1.1" 200 96
"GET /api/bugs/?page=1&page_size=10 HTTP/1.1" 200 306
"GET /api/bugs/?page=1&page_size=10 HTTP/1.1" 200 306
Starting scheduled email processing task
Email processing task completed successfully
Starting scheduled email processing task
Email processing task completed successfully
Starting scheduled email processing task
Email processing task completed successfully
Starting scheduled email processing task
Email processing task completed successfully
Starting scheduled email processing task
Email processing task completed successfully
Starting scheduled email processing task
Email processing task completed successfully
Starting scheduled email processing task
Email processing task completed successfully
Starting scheduled email processing task
Email processing task completed successfully
Starting scheduled email processing task
Email processing task completed successfully
Starting scheduled email processing task
Email processing task completed successfully
Starting scheduled email processing task
Email processing task completed successfully
Starting scheduled email processing task
Email processing task completed successfully
Starting scheduled email processing task
Email processing task completed successfully
Starting scheduled email processing task
Email processing task completed successfully
Starting scheduled email processing task
Email processing task completed successfully
Starting scheduled email processing task
Email processing task completed successfully
Starting scheduled email processing task
Email processing task completed successfully
Starting scheduled email processing task
Email processing task completed successfully
Starting scheduled email processing task
Email processing task completed successfully
Starting scheduled email processing task
Email processing task completed successfully
Starting scheduled email processing task
Email processing task completed successfully
Starting scheduled email processing task
Email processing task completed successfully
